# JRE version: OpenJDK Runtime Environment Microsoft-13096984 (11.0.30+7) (build 11.0.30+7-LTS)
# Java VM: OpenJDK 64-Bit Server VM Microsoft-13096984 (11.0.30+7-LTS, mixed mode, sharing, tiered, compressed oops, g1 gc, windows-amd64)
Heap:
 garbage-first heap   total 391168K, used 385977K [0x0000000080000000, 0x0000000100000000)
  region size 1024K, 8 young (8192K), 5 survivors (5120K)
 Metaspace       used 119426K, capacity 125573K, committed 125728K, reserved 624640K
  class space    used 15656K, capacity 17998K, committed 18124K, reserved 516096K
GC Heap History (20 events):
Event: 55.226 GC heap before
{Heap before GC invocations=36 (full 0):
 garbage-first heap   total 389120K, used 329727K [0x0000000080000000, 0x0000000100000000)
  region size 1024K, 63 young (64512K), 9 survivors (9216K)
 Metaspace       used 117022K, capacity 122907K, committed 123040K, reserved 622592K
  class space    used 15390K, capacity 17710K, committed 17740K, reserved 516096K
}
Event: 55.238 GC heap after
{Heap after GC invocations=37 (full 0):
 garbage-first heap   total 389120K, used 282055K [0x0000000080000000, 0x0000000100000000)
  region size 1024K, 8 young (8192K), 8 survivors (8192K)
 Metaspace       used 117022K, capacity 122907K, committed 123040K, reserved 622592K
  class space    used 15390K, capacity 17710K, committed 17740K, reserved 516096K
}
Event: 55.302 GC heap before
{Heap before GC invocations=37 (full 0):
 garbage-first heap   total 389120K, used 293319K [0x0000000080000000, 0x0000000100000000)
  region size 1024K, 19 young (19456K), 8 survivors (8192K)
 Metaspace       used 117022K, capacity 122907K, committed 123040K, reserved 622592K
  class space    used 15390K, capacity 17710K, committed 17740K, reserved 516096K
}
Event: 55.311 GC heap after
{Heap after GC invocations=38 (full 0):
 garbage-first heap   total 389120K, used 279808K [0x0000000080000000, 0x0000000100000000)
  region size 1024K, 3 young (3072K), 3 survivors (3072K)
 Metaspace       used 117022K, capacity 122907K, committed 123040K, reserved 622592K
  class space    used 15390K, capacity 17710K, committed 17740K, reserved 516096K
}
Event: 55.426 GC heap before
{Heap before GC invocations=38 (full 0):
 garbage-first heap   total 389120K, used 295168K [0x0000000080000000, 0x0000000100000000)
  region size 1024K, 19 young (19456K), 3 survivors (3072K)
 Metaspace       used 117205K, capacity 123148K, committed 123424K, reserved 622592K
  class space    used 15414K, capacity 17746K, committed 17868K, reserved 516096K
}
Event: 55.432 GC heap after
{Heap after GC invocations=39 (full 0):
 garbage-first heap   total 389120K, used 280031K [0x0000000080000000, 0x0000000100000000)
  region size 1024K, 4 young (4096K), 4 survivors (4096K)
 Metaspace       used 117205K, capacity 123148K, committed 123424K, reserved 622592K
  class space    used 15414K, capacity 17746K, committed 17868K, reserved 516096K
}
Event: 56.233 GC heap before
{Heap before GC invocations=40 (full 0):
 garbage-first heap   total 389120K, used 342495K [0x0000000080000000, 0x0000000100000000)
  region size 1024K, 54 young (55296K), 4 survivors (4096K)
 Metaspace       used 117396K, capacity 123412K, committed 123680K, reserved 622592K
  class space    used 15426K, capacity 17747K, committed 17868K, reserved 516096K
}
Event: 56.239 GC heap after
{Heap after GC invocations=41 (full 0):
 garbage-first heap   total 389120K, used 282346K [0x0000000080000000, 0x0000000100000000)
  region size 1024K, 6 young (6144K), 6 survivors (6144K)
 Metaspace       used 117396K, capacity 123412K, committed 123680K, reserved 622592K
  class space    used 15426K, capacity 17747K, committed 17868K, reserved 516096K
}
Event: 56.317 GC heap before
{Heap before GC invocations=41 (full 0):
 garbage-first heap   total 389120K, used 294634K [0x0000000080000000, 0x0000000100000000)
  region size 1024K, 19 young (19456K), 6 survivors (6144K)
 Metaspace       used 117397K, capacity 123412K, committed 123680K, reserved 622592K
  class space    used 15426K, capacity 17747K, committed 17868K, reserved 516096K
}
Event: 56.324 GC heap after
{Heap after GC invocations=42 (full 0):
 garbage-first heap   total 389120K, used 283191K [0x0000000080000000, 0x0000000100000000)
  region size 1024K, 2 young (2048K), 2 survivors (2048K)
 Metaspace       used 117397K, capacity 123412K, committed 123680K, reserved 622592K
  class space    used 15426K, capacity 17747K, committed 17868K, reserved 516096K
}
Event: 56.684 GC heap before
{Heap before GC invocations=42 (full 0):
 garbage-first heap   total 389120K, used 333367K [0x0000000080000000, 0x0000000100000000)
  region size 1024K, 52 young (53248K), 2 survivors (2048K)
 Metaspace       used 117444K, capacity 123422K, committed 123680K, reserved 622592K
  class space    used 15427K, capacity 17748K, committed 17868K, reserved 516096K
}
Event: 56.691 GC heap after
{Heap after GC invocations=43 (full 0):
 garbage-first heap   total 389120K, used 284190K [0x0000000080000000, 0x0000000100000000)
  region size 1024K, 3 young (3072K), 3 survivors (3072K)
 Metaspace       used 117444K, capacity 123422K, committed 123680K, reserved 622592K
  class space    used 15427K, capacity 17748K, committed 17868K, reserved 516096K
}
Event: 58.861 GC heap before
{Heap before GC invocations=44 (full 0):
 garbage-first heap   total 389120K, used 335390K [0x0000000080000000, 0x0000000100000000)
  region size 1024K, 54 young (55296K), 3 survivors (3072K)
 Metaspace       used 117538K, capacity 123573K, committed 123936K, reserved 622592K
  class space    used 15435K, capacity 17753K, committed 17868K, reserved 516096K
}
Event: 58.871 GC heap after
{Heap after GC invocations=45 (full 0):
 garbage-first heap   total 389120K, used 288856K [0x0000000080000000, 0x0000000100000000)
  region size 1024K, 7 young (7168K), 7 survivors (7168K)
 Metaspace       used 117538K, capacity 123573K, committed 123936K, reserved 622592K
  class space    used 15435K, capacity 17753K, committed 17868K, reserved 516096K
}
Event: 59.097 GC heap before
{Heap before GC invocations=45 (full 0):
 garbage-first heap   total 389120K, used 300120K [0x0000000080000000, 0x0000000100000000)
  region size 1024K, 19 young (19456K), 7 survivors (7168K)
 Metaspace       used 117872K, capacity 123902K, committed 124192K, reserved 622592K
  class space    used 15471K, capacity 17798K, committed 17868K, reserved 516096K
}
Event: 59.108 GC heap after
{Heap after GC invocations=46 (full 0):
 garbage-first heap   total 389120K, used 290540K [0x0000000080000000, 0x0000000100000000)
  region size 1024K, 3 young (3072K), 3 survivors (3072K)
 Metaspace       used 117872K, capacity 123902K, committed 124192K, reserved 622592K
  class space    used 15471K, capacity 17798K, committed 17868K, reserved 516096K
}
Event: 59.742 GC heap before
{Heap before GC invocations=46 (full 0):
 garbage-first heap   total 389120K, used 335596K [0x0000000080000000, 0x0000000100000000)
  region size 1024K, 48 young (49152K), 3 survivors (3072K)
 Metaspace       used 119109K, capacity 125224K, committed 125344K, reserved 624640K
  class space    used 15617K, capacity 17991K, committed 17996K, reserved 516096K
}
Event: 59.752 GC heap after
{Heap after GC invocations=47 (full 0):
 garbage-first heap   total 389120K, used 297339K [0x0000000080000000, 0x0000000100000000)
  region size 1024K, 6 young (6144K), 6 survivors (6144K)
 Metaspace       used 119109K, capacity 125224K, committed 125344K, reserved 624640K
  class space    used 15617K, capacity 17991K, committed 17996K, reserved 516096K
}
Event: 61.015 GC heap before
{Heap before GC invocations=47 (full 0):
 garbage-first heap   total 389120K, used 349563K [0x0000000080000000, 0x0000000100000000)
  region size 1024K, 38 young (38912K), 6 survivors (6144K)
 Metaspace       used 119426K, capacity 125573K, committed 125728K, reserved 624640K
  class space    used 15656K, capacity 17998K, committed 18124K, reserved 516096K
}
Event: 61.023 GC heap after
{Heap after GC invocations=48 (full 0):
 garbage-first heap   total 389120K, used 318393K [0x0000000080000000, 0x0000000100000000)
  region size 1024K, 5 young (5120K), 5 survivors (5120K)
 Metaspace       used 119426K, capacity 125573K, committed 125728K, reserved 624640K
  class space    used 15656K, capacity 17998K, committed 18124K, reserved 516096K
}

