# JRE version: OpenJDK Runtime Environment Microsoft-8035246 (17.0.8+7) (build 17.0.8+7-LTS)
# Java VM: OpenJDK 64-Bit Server VM Microsoft-8035246 (17.0.8+7-LTS, mixed mode, sharing, tiered, compressed oops, compressed class ptrs, g1 gc, windows-amd64)
GC Precious Log:
 CPUs: 8 total, 8 available
 Memory: 24468M
 Large Page Support: Disabled
 NUMA Support: Disabled
 Compressed Oops: Enabled (32-bit)
 Heap Region Size: 1M
 Heap Min Capacity: 8M
 Heap Initial Capacity: 384M
 Heap Max Capacity: 2G
 Pre-touch: Disabled
 Parallel Workers: 8
 Concurrent Workers: 2
 Concurrent Refinement Workers: 8
 Periodic GC: Disabled
Heap:
 garbage-first heap   total 368640K, used 292355K [0x0000000080000000, 0x0000000100000000)
  region size 1024K, 57 young (58368K), 7 survivors (7168K)
 Metaspace       used 104270K, committed 105856K, reserved 557056K
  class space    used 14331K, committed 15040K, reserved 425984K
GC Heap History (20 events):
Event: 33.255 GC heap before
{Heap before GC invocations=32 (full 0):
 garbage-first heap   total 184320K, used 139264K [0x0000000080000000, 0x0000000100000000)
  region size 1024K, 40 young (40960K), 6 survivors (6144K)
 Metaspace       used 80900K, committed 81856K, reserved 557056K
  class space    used 11306K, committed 11776K, reserved 425984K
}
Event: 33.266 GC heap after
{Heap after GC invocations=33 (full 0):
 garbage-first heap   total 184320K, used 116729K [0x0000000080000000, 0x0000000100000000)
  region size 1024K, 5 young (5120K), 5 survivors (5120K)
 Metaspace       used 80900K, committed 81856K, reserved 557056K
  class space    used 11306K, committed 11776K, reserved 425984K
}
Event: 33.302 GC heap before
{Heap before GC invocations=33 (full 0):
 garbage-first heap   total 184320K, used 119801K [0x0000000080000000, 0x0000000100000000)
  region size 1024K, 9 young (9216K), 5 survivors (5120K)
 Metaspace       used 80953K, committed 81920K, reserved 557056K
  class space    used 11306K, committed 11776K, reserved 425984K
}
Event: 33.308 GC heap after
{Heap after GC invocations=34 (full 0):
 garbage-first heap   total 368640K, used 116755K [0x0000000080000000, 0x0000000100000000)
  region size 1024K, 1 young (1024K), 1 survivors (1024K)
 Metaspace       used 80953K, committed 81920K, reserved 557056K
  class space    used 11306K, committed 11776K, reserved 425984K
}
Event: 35.152 GC heap before
{Heap before GC invocations=34 (full 0):
 garbage-first heap   total 368640K, used 282643K [0x0000000080000000, 0x0000000100000000)
  region size 1024K, 152 young (155648K), 1 survivors (1024K)
 Metaspace       used 86752K, committed 87936K, reserved 557056K
  class space    used 12094K, committed 12672K, reserved 425984K
}
Event: 35.171 GC heap after
{Heap after GC invocations=35 (full 0):
 garbage-first heap   total 368640K, used 157099K [0x0000000080000000, 0x0000000100000000)
  region size 1024K, 19 young (19456K), 19 survivors (19456K)
 Metaspace       used 86752K, committed 87936K, reserved 557056K
  class space    used 12094K, committed 12672K, reserved 425984K
}
Event: 36.660 GC heap before
{Heap before GC invocations=35 (full 0):
 garbage-first heap   total 368640K, used 271787K [0x0000000080000000, 0x0000000100000000)
  region size 1024K, 132 young (135168K), 19 survivors (19456K)
 Metaspace       used 94096K, committed 95488K, reserved 557056K
  class space    used 13155K, committed 13760K, reserved 425984K
}
Event: 36.679 GC heap after
{Heap after GC invocations=36 (full 0):
 garbage-first heap   total 368640K, used 176350K [0x0000000080000000, 0x0000000100000000)
  region size 1024K, 17 young (17408K), 17 survivors (17408K)
 Metaspace       used 94096K, committed 95488K, reserved 557056K
  class space    used 13155K, committed 13760K, reserved 425984K
}
Event: 41.414 GC heap before
{Heap before GC invocations=36 (full 0):
 garbage-first heap   total 368640K, used 278750K [0x0000000080000000, 0x0000000100000000)
  region size 1024K, 117 young (119808K), 17 survivors (17408K)
 Metaspace       used 98940K, committed 100288K, reserved 557056K
  class space    used 13685K, committed 14272K, reserved 425984K
}
Event: 41.439 GC heap after
{Heap after GC invocations=37 (full 0):
 garbage-first heap   total 368640K, used 194868K [0x0000000080000000, 0x0000000100000000)
  region size 1024K, 15 young (15360K), 15 survivors (15360K)
 Metaspace       used 98940K, committed 100288K, reserved 557056K
  class space    used 13685K, committed 14272K, reserved 425984K
}
Event: 42.569 GC heap before
{Heap before GC invocations=37 (full 0):
 garbage-first heap   total 368640K, used 284980K [0x0000000080000000, 0x0000000100000000)
  region size 1024K, 103 young (105472K), 15 survivors (15360K)
 Metaspace       used 99546K, committed 100928K, reserved 557056K
  class space    used 13735K, committed 14336K, reserved 425984K
}
Event: 42.590 GC heap after
{Heap after GC invocations=38 (full 0):
 garbage-first heap   total 368640K, used 208253K [0x0000000080000000, 0x0000000100000000)
  region size 1024K, 12 young (12288K), 12 survivors (12288K)
 Metaspace       used 99546K, committed 100928K, reserved 557056K
  class space    used 13735K, committed 14336K, reserved 425984K
}
Event: 43.412 GC heap before
{Heap before GC invocations=38 (full 0):
 garbage-first heap   total 368640K, used 291197K [0x0000000080000000, 0x0000000100000000)
  region size 1024K, 93 young (95232K), 12 survivors (12288K)
 Metaspace       used 102619K, committed 104064K, reserved 557056K
  class space    used 14084K, committed 14720K, reserved 425984K
}
Event: 43.431 GC heap after
{Heap after GC invocations=39 (full 0):
 garbage-first heap   total 368640K, used 216400K [0x0000000080000000, 0x0000000100000000)
  region size 1024K, 9 young (9216K), 9 survivors (9216K)
 Metaspace       used 102619K, committed 104064K, reserved 557056K
  class space    used 14084K, committed 14720K, reserved 425984K
}
Event: 44.421 GC heap before
{Heap before GC invocations=39 (full 0):
 garbage-first heap   total 368640K, used 295248K [0x0000000080000000, 0x0000000100000000)
  region size 1024K, 87 young (89088K), 9 survivors (9216K)
 Metaspace       used 103854K, committed 105344K, reserved 557056K
  class space    used 14289K, committed 14976K, reserved 425984K
}
Event: 44.436 GC heap after
{Heap after GC invocations=40 (full 0):
 garbage-first heap   total 368640K, used 225114K [0x0000000080000000, 0x0000000100000000)
  region size 1024K, 9 young (9216K), 9 survivors (9216K)
 Metaspace       used 103854K, committed 105344K, reserved 557056K
  class space    used 14289K, committed 14976K, reserved 425984K
}
Event: 47.034 GC heap before
{Heap before GC invocations=40 (full 0):
 garbage-first heap   total 368640K, used 300890K [0x0000000080000000, 0x0000000100000000)
  region size 1024K, 83 young (84992K), 9 survivors (9216K)
 Metaspace       used 103927K, committed 105472K, reserved 557056K
  class space    used 14298K, committed 15040K, reserved 425984K
}
Event: 47.048 GC heap after
{Heap after GC invocations=41 (full 0):
 garbage-first heap   total 368640K, used 235318K [0x0000000080000000, 0x0000000100000000)
  region size 1024K, 11 young (11264K), 11 survivors (11264K)
 Metaspace       used 103927K, committed 105472K, reserved 557056K
  class space    used 14298K, committed 15040K, reserved 425984K
}
Event: 47.660 GC heap before
{Heap before GC invocations=41 (full 0):
 garbage-first heap   total 368640K, used 301878K [0x0000000080000000, 0x0000000100000000)
  region size 1024K, 77 young (78848K), 11 survivors (11264K)
 Metaspace       used 104258K, committed 105856K, reserved 557056K
  class space    used 14331K, committed 15040K, reserved 425984K
}
Event: 47.672 GC heap after
{Heap after GC invocations=42 (full 0):
 garbage-first heap   total 368640K, used 242179K [0x0000000080000000, 0x0000000100000000)
  region size 1024K, 7 young (7168K), 7 survivors (7168K)
 Metaspace       used 104258K, committed 105856K, reserved 557056K
  class space    used 14331K, committed 15040K, reserved 425984K
}

